{"/Users/ryan/Desktop/Dev/DoDev/NodeJS-Introducao/calculadora.js": {"path":"/Users/ryan/Desktop/Dev/DoDev/NodeJS-Introducao/calculadora.js","statementMap":{"0":{"start":{"line":2,"column":4},"end":{"line":2,"column":27}},"1":{"start":{"line":6,"column":4},"end":{"line":6,"column":27}},"2":{"start":{"line":10,"column":4},"end":{"line":10,"column":27}},"3":{"start":{"line":14,"column":4},"end":{"line":14,"column":27}},"4":{"start":{"line":17,"column":0},"end":{"line":17,"column":56}}},"fnMap":{"0":{"name":"somar","decl":{"start":{"line":1,"column":9},"end":{"line":1,"column":14}},"loc":{"start":{"line":1,"column":30},"end":{"line":3,"column":1}},"line":1},"1":{"name":"dividir","decl":{"start":{"line":5,"column":9},"end":{"line":5,"column":16}},"loc":{"start":{"line":5,"column":32},"end":{"line":7,"column":1}},"line":5},"2":{"name":"multiplicar","decl":{"start":{"line":9,"column":9},"end":{"line":9,"column":20}},"loc":{"start":{"line":9,"column":36},"end":{"line":11,"column":1}},"line":9},"3":{"name":"subtrair","decl":{"start":{"line":13,"column":9},"end":{"line":13,"column":17}},"loc":{"start":{"line":13,"column":33},"end":{"line":15,"column":1}},"line":13}},"branchMap":{},"s":{"0":1,"1":1,"2":1,"3":1,"4":1},"f":{"0":1,"1":1,"2":1,"3":1},"b":{},"_coverageSchema":"1a1c01bbd47fc00a2c39e90264f33305004495a9","hash":"f96de3c7bcf588f53ddf69bd7059063b0838b358"}
,"/Users/ryan/Desktop/Dev/DoDev/NodeJS-Introducao/carro.js": {"path":"/Users/ryan/Desktop/Dev/DoDev/NodeJS-Introducao/carro.js","statementMap":{"0":{"start":{"line":2,"column":4},"end":{"line":4,"column":5}},"1":{"start":{"line":3,"column":8},"end":{"line":3,"column":51}},"2":{"start":{"line":6,"column":4},"end":{"line":8,"column":5}},"3":{"start":{"line":7,"column":8},"end":{"line":7,"column":75}},"4":{"start":{"line":10,"column":23},"end":{"line":10,"column":63}},"5":{"start":{"line":11,"column":29},"end":{"line":11,"column":53}},"6":{"start":{"line":13,"column":4},"end":{"line":13,"column":86}},"7":{"start":{"line":16,"column":0},"end":{"line":16,"column":41}}},"fnMap":{"0":{"name":"calcularCombustivel","decl":{"start":{"line":1,"column":9},"end":{"line":1,"column":28}},"loc":{"start":{"line":1,"column":57},"end":{"line":14,"column":1}},"line":1}},"branchMap":{"0":{"loc":{"start":{"line":2,"column":4},"end":{"line":4,"column":5}},"type":"if","locations":[{"start":{"line":2,"column":4},"end":{"line":4,"column":5}},{"start":{},"end":{}}],"line":2},"1":{"loc":{"start":{"line":2,"column":8},"end":{"line":2,"column":42}},"type":"binary-expr","locations":[{"start":{"line":2,"column":8},"end":{"line":2,"column":24}},{"start":{"line":2,"column":28},"end":{"line":2,"column":42}}],"line":2},"2":{"loc":{"start":{"line":6,"column":4},"end":{"line":8,"column":5}},"type":"if","locations":[{"start":{"line":6,"column":4},"end":{"line":8,"column":5}},{"start":{},"end":{}}],"line":6},"3":{"loc":{"start":{"line":6,"column":8},"end":{"line":6,"column":70}},"type":"binary-expr","locations":[{"start":{"line":6,"column":8},"end":{"line":6,"column":38}},{"start":{"line":6,"column":42},"end":{"line":6,"column":70}}],"line":6},"4":{"loc":{"start":{"line":10,"column":23},"end":{"line":10,"column":63}},"type":"cond-expr","locations":[{"start":{"line":10,"column":56},"end":{"line":10,"column":58}},{"start":{"line":10,"column":61},"end":{"line":10,"column":63}}],"line":10}},"s":{"0":4,"1":1,"2":3,"3":1,"4":2,"5":2,"6":2,"7":1},"f":{"0":4},"b":{"0":[1,3],"1":[4,4],"2":[1,2],"3":[3,2],"4":[1,1]},"_coverageSchema":"1a1c01bbd47fc00a2c39e90264f33305004495a9","hash":"52af7081bf73106aa72907c3c8ddcb28e78acff3"}
}
