TN:
SF:calculadora.js
FN:1,somar
FN:5,dividir
FN:9,multiplicar
FN:13,subtrair
FNF:4
FNH:4
FNDA:1,somar
FNDA:1,dividir
FNDA:1,multiplicar
FNDA:1,subtrair
DA:2,1
DA:6,1
DA:10,1
DA:14,1
DA:17,1
LF:5
LH:5
BRF:0
BRH:0
end_of_record
TN:
SF:carro.js
FN:1,calcularCombustivel
FNF:1
FNH:1
FNDA:4,calcularCombustivel
DA:2,4
DA:3,1
DA:6,3
DA:7,1
DA:10,2
DA:11,2
DA:13,2
DA:16,1
LF:8
LH:8
BRDA:2,0,0,1
BRDA:2,0,1,3
BRDA:2,1,0,4
BRDA:2,1,1,4
BRDA:6,2,0,1
BRDA:6,2,1,2
BRDA:6,3,0,3
BRDA:6,3,1,2
BRDA:10,4,0,1
BRDA:10,4,1,1
BRF:10
BRH:10
end_of_record
